{"total": {"lines":{"total":286,"covered":67,"skipped":0,"pct":23.42},"statements":{"total":350,"covered":77,"skipped":0,"pct":22},"functions":{"total":86,"covered":20,"skipped":0,"pct":23.25},"branches":{"total":429,"covered":74,"skipped":0,"pct":17.24},"branchesTrue":{"total":0,"covered":0,"skipped":0,"pct":100}}
,"/Users/ronitover/Desktop/kairos/src/services/admin.ts": {"lines":{"total":31,"covered":6,"skipped":0,"pct":19.35},"functions":{"total":16,"covered":2,"skipped":0,"pct":12.5},"statements":{"total":46,"covered":8,"skipped":0,"pct":17.39},"branches":{"total":44,"covered":12,"skipped":0,"pct":27.27}}
,"/Users/ronitover/Desktop/kairos/src/services/api.ts": {"lines":{"total":35,"covered":28,"skipped":0,"pct":80},"functions":{"total":10,"covered":5,"skipped":0,"pct":50},"statements":{"total":36,"covered":28,"skipped":0,"pct":77.77},"branches":{"total":37,"covered":23,"skipped":0,"pct":62.16}}
,"/Users/ronitover/Desktop/kairos/src/services/assignments.ts": {"lines":{"total":63,"covered":0,"skipped":0,"pct":0},"functions":{"total":19,"covered":0,"skipped":0,"pct":0},"statements":{"total":79,"covered":0,"skipped":0,"pct":0},"branches":{"total":134,"covered":0,"skipped":0,"pct":0}}
,"/Users/ronitover/Desktop/kairos/src/services/auth.ts": {"lines":{"total":45,"covered":0,"skipped":0,"pct":0},"functions":{"total":12,"covered":0,"skipped":0,"pct":0},"statements":{"total":54,"covered":0,"skipped":0,"pct":0},"branches":{"total":38,"covered":0,"skipped":0,"pct":0}}
,"/Users/ronitover/Desktop/kairos/src/services/communications.ts": {"lines":{"total":17,"covered":17,"skipped":0,"pct":100},"functions":{"total":6,"covered":6,"skipped":0,"pct":100},"statements":{"total":23,"covered":22,"skipped":0,"pct":95.65},"branches":{"total":28,"covered":23,"skipped":0,"pct":82.14}}
,"/Users/ronitover/Desktop/kairos/src/services/faculty.ts": {"lines":{"total":26,"covered":0,"skipped":0,"pct":0},"functions":{"total":6,"covered":0,"skipped":0,"pct":0},"statements":{"total":31,"covered":0,"skipped":0,"pct":0},"branches":{"total":28,"covered":0,"skipped":0,"pct":0}}
,"/Users/ronitover/Desktop/kairos/src/services/files.ts": {"lines":{"total":8,"covered":0,"skipped":0,"pct":0},"functions":{"total":1,"covered":0,"skipped":0,"pct":0},"statements":{"total":12,"covered":0,"skipped":0,"pct":0},"branches":{"total":10,"covered":0,"skipped":0,"pct":0}}
,"/Users/ronitover/Desktop/kairos/src/services/students.ts": {"lines":{"total":41,"covered":0,"skipped":0,"pct":0},"functions":{"total":8,"covered":0,"skipped":0,"pct":0},"statements":{"total":45,"covered":0,"skipped":0,"pct":0},"branches":{"total":93,"covered":0,"skipped":0,"pct":0}}
,"/Users/ronitover/Desktop/kairos/src/utils/fileUpload.ts": {"lines":{"total":20,"covered":16,"skipped":0,"pct":80},"functions":{"total":8,"covered":7,"skipped":0,"pct":87.5},"statements":{"total":24,"covered":19,"skipped":0,"pct":79.16},"branches":{"total":17,"covered":16,"skipped":0,"pct":94.11}}
}
